<?xml version="1.0" encoding="UTF-8"?>
<!-- Generated by org.testng.reporters.JUnitReportReporter -->
<testsuite skipped="0" hostname="TVT-A-EC-729" name="MavenWithAll.MavenWithAll.Hello5" tests="1" failures="0" timestamp="2020-04-23T18:16:48 IST" time="0.004" errors="0">
  <testcase name="last" time="0.004" classname="MavenWithAll.MavenWithAll.Hello5"/>
</testsuite> <!-- MavenWithAll.MavenWithAll.Hello5 -->
